  car.cpp
D:\GitProd\Networking\Project\networking\networking\car.cpp(8,15): warning C4244: '=': conversion from 'int' to 'float', possible loss of data
  game.cpp
D:\GitProd\Networking\Project\networking\networking\playerCar.h(15,12): warning C4305: 'initializing': truncation from 'double' to 'float'
D:\GitProd\Networking\Project\networking\networking\playerCar.h(15,23): warning C4305: 'initializing': truncation from 'double' to 'float'
D:\GitProd\Networking\Project\networking\networking\playerCar.h(16,18): warning C4305: 'initializing': truncation from 'double' to 'float'
  main.cpp
D:\GitProd\Networking\Project\networking\networking\playerCar.h(15,12): warning C4305: 'initializing': truncation from 'double' to 'float'
D:\GitProd\Networking\Project\networking\networking\playerCar.h(15,23): warning C4305: 'initializing': truncation from 'double' to 'float'
D:\GitProd\Networking\Project\networking\networking\playerCar.h(16,18): warning C4305: 'initializing': truncation from 'double' to 'float'
D:\GitProd\Networking\Project\networking\networking\main.cpp(90,43): warning C4244: 'argument': conversion from 'int' to 'float', possible loss of data
D:\GitProd\Networking\Project\networking\networking\main.cpp(90,33): warning C4244: 'argument': conversion from 'int' to 'float', possible loss of data
D:\GitProd\Networking\Project\networking\networking\main.cpp(99,47): warning C4244: 'argument': conversion from 'double' to 'float', possible loss of data
  playerCar.cpp
D:\GitProd\Networking\Project\networking\networking\playerCar.h(15,12): warning C4305: 'initializing': truncation from 'double' to 'float'
D:\GitProd\Networking\Project\networking\networking\playerCar.h(15,23): warning C4305: 'initializing': truncation from 'double' to 'float'
D:\GitProd\Networking\Project\networking\networking\playerCar.h(16,18): warning C4305: 'initializing': truncation from 'double' to 'float'
D:\GitProd\Networking\Project\networking\networking\playerCar.cpp(44,38): warning C4244: '=': conversion from 'T' to 'int', possible loss of data
          with
          [
              T=float
          ]
D:\GitProd\Networking\Project\networking\networking\playerCar.cpp(45,38): warning C4244: '=': conversion from 'T' to 'int', possible loss of data
          with
          [
              T=float
          ]
  scrap.cpp
  Generating code
  163 of 176 functions (92.6%) were compiled, the rest were copied from previous compilation.
    100 functions were new in current compilation
    1 functions had inline decision re-evaluated but remain unchanged
  Finished generating code
  networking.vcxproj -> D:\GitProd\Networking\Project\networking\Release\networking.exe
